Determining if the pthread_create exist failed with the following output:
Change Dir: /root/cpprestsdk/Release/build/CMakeFiles/CMakeTmp

Run Build Command:"/usr/bin/gmake" "cmTC_6e008/fast"
/usr/bin/gmake -f CMakeFiles/cmTC_6e008.dir/build.make CMakeFiles/cmTC_6e008.dir/build
gmake[1]: Entering directory `/root/cpprestsdk/Release/build/CMakeFiles/CMakeTmp'
Building C object CMakeFiles/cmTC_6e008.dir/CheckSymbolExists.c.o
/usr/bin/cc    -o CMakeFiles/cmTC_6e008.dir/CheckSymbolExists.c.o   -c /root/cpprestsdk/Release/build/CMakeFiles/CMakeTmp/CheckSymbolExists.c
Linking C executable cmTC_6e008
/usr/local/bin/cmake -E cmake_link_script CMakeFiles/cmTC_6e008.dir/link.txt --verbose=1
/usr/bin/cc       CMakeFiles/cmTC_6e008.dir/CheckSymbolExists.c.o  -o cmTC_6e008 -rdynamic 
CMakeFiles/cmTC_6e008.dir/CheckSymbolExists.c.o: In function `main':
CheckSymbolExists.c:(.text+0x16): undefined reference to `pthread_create'
collect2: error: ld returned 1 exit status
gmake[1]: *** [cmTC_6e008] Error 1
gmake[1]: Leaving directory `/root/cpprestsdk/Release/build/CMakeFiles/CMakeTmp'
gmake: *** [cmTC_6e008/fast] Error 2

File /root/cpprestsdk/Release/build/CMakeFiles/CMakeTmp/CheckSymbolExists.c:
/* */
#include <pthread.h>

int main(int argc, char** argv)
{
  (void)argv;
#ifndef pthread_create
  return ((int*)(&pthread_create))[argc];
#else
  (void)argc;
  return 0;
#endif
}

Determining if the function pthread_create exists in the pthreads failed with the following output:
Change Dir: /root/cpprestsdk/Release/build/CMakeFiles/CMakeTmp

Run Build Command:"/usr/bin/gmake" "cmTC_56a51/fast"
/usr/bin/gmake -f CMakeFiles/cmTC_56a51.dir/build.make CMakeFiles/cmTC_56a51.dir/build
gmake[1]: Entering directory `/root/cpprestsdk/Release/build/CMakeFiles/CMakeTmp'
Building C object CMakeFiles/cmTC_56a51.dir/CheckFunctionExists.c.o
/usr/bin/cc   -DCHECK_FUNCTION_EXISTS=pthread_create   -o CMakeFiles/cmTC_56a51.dir/CheckFunctionExists.c.o   -c /usr/local/share/cmake-3.3/Modules/CheckFunctionExists.c
Linking C executable cmTC_56a51
/usr/local/bin/cmake -E cmake_link_script CMakeFiles/cmTC_56a51.dir/link.txt --verbose=1
/usr/bin/cc   -DCHECK_FUNCTION_EXISTS=pthread_create    CMakeFiles/cmTC_56a51.dir/CheckFunctionExists.c.o  -o cmTC_56a51 -rdynamic -lpthreads 
/usr/bin/ld: cannot find -lpthreads
collect2: error: ld returned 1 exit status
gmake[1]: *** [cmTC_56a51] Error 1
gmake[1]: Leaving directory `/root/cpprestsdk/Release/build/CMakeFiles/CMakeTmp'
gmake: *** [cmTC_56a51/fast] Error 2


